Release 14.4 Map P.49d (lin64)
Xilinx Mapping Report File for Design 'top'

Design Information
------------------
Command Line   : map -intstyle ise -p xc5vlx50t-ff1136-1 -w -logic_opt off -ol
high -t 1 -register_duplication off -global_opt off -mt off -cm area -ir off -pr
off -lc off -power off -o top_map.ncd top.ngd top.pcf 
Target Device  : xc5vlx50t
Target Package : ff1136
Target Speed   : -1
Mapper Version : virtex5 -- $Revision: 1.55 $
Mapped Date    : Tue Dec 10 17:41:33 2013

Design Summary
--------------
Number of errors:      0
Number of warnings:    0
Slice Logic Utilization:
  Number of Slice Registers:                 2,700 out of  28,800    9%
    Number used as Flip Flops:               2,700
  Number of Slice LUTs:                      4,245 out of  28,800   14%
    Number used as logic:                    3,797 out of  28,800   13%
      Number using O6 output only:           3,458
      Number using O5 output only:              76
      Number using O5 and O6:                  263
    Number used as Memory:                     438 out of   7,680    5%
      Number used as Dual Port RAM:            360
        Number using O6 output only:           356
        Number using O5 and O6:                  4
      Number used as Shift Register:            78
        Number using O6 output only:            78
    Number used as exclusive route-thru:        10
  Number of route-thrus:                        92
    Number using O6 output only:                85
    Number using O5 output only:                 6
    Number using O5 and O6:                      1

Slice Logic Distribution:
  Number of occupied Slices:                 1,756 out of   7,200   24%
  Number of LUT Flip Flop pairs used:        5,277
    Number with an unused Flip Flop:         2,577 out of   5,277   48%
    Number with an unused LUT:               1,032 out of   5,277   19%
    Number of fully used LUT-FF pairs:       1,668 out of   5,277   31%
    Number of unique control sets:             112
    Number of slice register sites lost
      to control set restrictions:             262 out of  28,800    1%

  A LUT Flip Flop pair for this architecture represents one LUT paired with
  one Flip Flop within a slice.  A control set is a unique combination of
  clock, reset, set, and enable signals for a registered element.
  The Slice Logic Distribution report is not meaningful if the design is
  over-mapped for a non-slice resource or if Placement fails.
  OVERMAPPING of BRAM resources should be ignored if the design is
  over-mapped for a non-BRAM resource or if placement fails.

IO Utilization:
  Number of bonded IOBs:                        75 out of     480   15%

Specific Feature Utilization:
  Number of BlockRAM/FIFO:                      35 out of      60   58%
    Number using BlockRAM only:                 35
    Total primitives used:
      Number of 36k BlockRAM used:              32
      Number of 18k BlockRAM used:               4
    Total Memory used (KB):                  1,224 out of   2,160   56%
  Number of BUFG/BUFGCTRLs:                      1 out of      32    3%
    Number used as BUFGs:                        1
  Number of DSP48Es:                             5 out of      48   10%

Average Fanout of Non-Clock Nets:                4.27

Peak Memory Usage:  940 MB
Total REAL time to MAP completion:  2 mins 27 secs 
Total CPU time to MAP completion:   2 mins 24 secs 

Table of Contents
-----------------
Section 1 - Errors
Section 2 - Warnings
Section 3 - Informational
Section 4 - Removed Logic Summary
Section 5 - Removed Logic
Section 6 - IOB Properties
Section 7 - RPMs
Section 8 - Guide Report
Section 9 - Area Group and Partition Summary
Section 10 - Timing Report
Section 11 - Configuration String Information
Section 12 - Control Set Information
Section 13 - Utilization by Hierarchy

Section 1 - Errors
------------------

Section 2 - Warnings
--------------------
WARNING:Security:43 - No license file was found in the standard Xilinx license
directory.
WARNING:Security:44 - Since no license file was found,
WARNING:Security:42 - Your software subscription period has lapsed. Your current
version of Xilinx tools will continue to function, but you no longer qualify for
Xilinx software updates or new releases.

Section 3 - Informational
-------------------------
INFO:Security:50 - The XILINXD_LICENSE_FILE environment variable is set to
'2100@133.11.27.150'.
INFO:Security:52 - The LM_LICENSE_FILE environment variable is set to
'1717@133.11.27.150'.
INFO:Security:54 - 'xc5vlx50t' is a WebPack part.
INFO:LIT:243 - Logical network ram_map/io_manager_map/Mram_sendbuf22/SPO has no
   load.
INFO:LIT:395 - The above info message is repeated 17 more times for the
   following (max. 5 shown):
   ram_map/io_manager_map/Mram_sendbuf21/SPO,
   ram_map/io_manager_map/Mram_recvbuf882/SPO,
   ram_map/io_manager_map/Mram_recvbuf881/SPO,
   ram_map/io_manager_map/Mram_recvbuf872/SPO,
   ram_map/io_manager_map/Mram_recvbuf871/SPO
   To see the details of these info messages, please use the -detail switch.
INFO:MapLib:562 - No environment variables are currently set.
INFO:LIT:244 - All of the single ended outputs in this design are using slew
   rate limited output drivers. The delay on speed critical single ended outputs
   can be dramatically reduced by designating them as fast outputs.
INFO:Pack:1716 - Initializing temperature to 85.000 Celsius. (default - Range:
   0.000 to 85.000 Celsius)
INFO:Pack:1720 - Initializing voltage to 0.950 Volts. (default - Range: 0.950 to
   1.050 Volts)
INFO:Map:215 - The Interim Design Summary has been generated in the MAP Report
   (.mrp).
INFO:Pack:1650 - Map created a placed design.

Section 4 - Removed Logic Summary
---------------------------------
 104 block(s) removed
   8 block(s) optimized away
  16 signal(s) removed

Section 5 - Removed Logic
-------------------------

The trimmed logic report below shows the logic removed from your design due to
sourceless or loadless signals, and VCC or ground connections.  If the removal
of a signal or symbol results in the subsequent removal of an additional signal
or symbol, the message explaining that second removal will be indented.  This
indentation will be repeated as a chain of related logic is removed.

To quickly locate the original cause for the removal of a chain of logic, look
above the place where that logic is listed in the trimming report, then locate
the lines that are least indented (begin at the leftmost edge).

Loadless block "datapath_map/fpu_map/fadd_map/blk000000eb" (XOR) removed.
 The signal "datapath_map/fpu_map/fadd_map/sig00000245" is loadless and has been
removed.
  Loadless block "datapath_map/fpu_map/fadd_map/blk000000ed" (MUX) removed.
   The signal "datapath_map/fpu_map/fadd_map/sig00000244" is loadless and has been
removed.
    Loadless block "datapath_map/fpu_map/fadd_map/blk000000ef" (MUX) removed.
     The signal "datapath_map/fpu_map/fadd_map/sig00000243" is loadless and has been
removed.
      Loadless block "datapath_map/fpu_map/fadd_map/blk000000f1" (MUX) removed.
       The signal "datapath_map/fpu_map/fadd_map/sig00000242" is loadless and has been
removed.
        Loadless block "datapath_map/fpu_map/fadd_map/blk000000f3" (MUX) removed.
         The signal "datapath_map/fpu_map/fadd_map/sig00000241" is loadless and has been
removed.
          Loadless block "datapath_map/fpu_map/fadd_map/blk000000f5" (MUX) removed.
           The signal "datapath_map/fpu_map/fadd_map/sig00000240" is loadless and has been
removed.
            Loadless block "datapath_map/fpu_map/fadd_map/blk000000f7" (MUX) removed.
             The signal "datapath_map/fpu_map/fadd_map/sig0000023f" is loadless and has been
removed.
              Loadless block "datapath_map/fpu_map/fadd_map/blk000000f9" (MUX) removed.
               The signal "datapath_map/fpu_map/fadd_map/sig00000260" is loadless and has been
removed.
                Loadless block "datapath_map/fpu_map/fadd_map/blk000000d4" (MUX) removed.
Loadless block "datapath_map/fpu_map/fadd_map/blk000000ec" (XOR) removed.
Loadless block "datapath_map/fpu_map/fadd_map/blk000000ee" (XOR) removed.
Loadless block "datapath_map/fpu_map/fadd_map/blk000000f0" (XOR) removed.
Loadless block "datapath_map/fpu_map/fadd_map/blk000000f2" (XOR) removed.
Loadless block "datapath_map/fpu_map/fadd_map/blk000000f4" (XOR) removed.
Loadless block "datapath_map/fpu_map/fadd_map/blk000000f6" (XOR) removed.
Loadless block "datapath_map/fpu_map/fadd_map/blk000000f8" (XOR) removed.
Loadless block "datapath_map/fpu_map/fadd_map/blk00000103" (MUX) removed.
 The signal "datapath_map/fpu_map/fadd_map/sig000001ec" is loadless and has been
removed.
  Loadless block "datapath_map/fpu_map/fadd_map/blk0000012c" (ROM) removed.
 The signal "datapath_map/fpu_map/fadd_map/sig000001ed" is loadless and has been
removed.
  Loadless block "datapath_map/fpu_map/fadd_map/blk0000012b" (ROM) removed.
   The signal "datapath_map/fpu_map/fadd_map/sig000001de" is loadless and has been
removed.
    Loadless block "datapath_map/fpu_map/fadd_map/blk00000114" (FF) removed.
     The signal "datapath_map/fpu_map/fadd_map/sig000001e9" is loadless and has been
removed.
      Loadless block "datapath_map/fpu_map/fadd_map/blk0000010d" (MUX) removed.
       The signal "datapath_map/fpu_map/fadd_map/sig000001e2" is loadless and has been
removed.
        Loadless block "datapath_map/fpu_map/fadd_map/blk00000197" (ROM) removed.
Loadless block "datapath_map/fpu_map/fdiv_map/blk00000244" (XOR) removed.
Loadless block "datapath_map/fpu_map/fdiv_map/blk00000246" (XOR) removed.
Loadless block "datapath_map/fpu_map/fdiv_map/blk00000248" (XOR) removed.
Loadless block "datapath_map/fpu_map/fdiv_map/blk0000024a" (XOR) removed.
Loadless block "datapath_map/fpu_map/fdiv_map/blk0000024c" (XOR) removed.
Loadless block "datapath_map/fpu_map/fdiv_map/blk0000024e" (XOR) removed.
Loadless block "datapath_map/fpu_map/fdiv_map/blk00000250" (XOR) removed.
Loadless block "datapath_map/fpu_map/fdiv_map/blk00000252" (XOR) removed.
Loadless block "datapath_map/fpu_map/fdiv_map/blk00000254" (XOR) removed.
Loadless block "datapath_map/fpu_map/fdiv_map/blk00000256" (XOR) removed.
Loadless block "datapath_map/fpu_map/fdiv_map/blk00000258" (XOR) removed.
Loadless block "datapath_map/fpu_map/fdiv_map/blk0000025a" (XOR) removed.
Loadless block "datapath_map/fpu_map/fdiv_map/blk0000025c" (XOR) removed.
Loadless block "datapath_map/fpu_map/fdiv_map/blk0000025e" (XOR) removed.
Loadless block "datapath_map/fpu_map/fdiv_map/blk00000260" (XOR) removed.
Loadless block "datapath_map/fpu_map/fdiv_map/blk00000262" (XOR) removed.
Loadless block "datapath_map/fpu_map/fdiv_map/blk00000264" (XOR) removed.
Loadless block "datapath_map/fpu_map/fdiv_map/blk00000266" (XOR) removed.
Loadless block "datapath_map/fpu_map/fdiv_map/blk00000268" (XOR) removed.
Loadless block "datapath_map/fpu_map/fdiv_map/blk0000026a" (XOR) removed.
Loadless block "datapath_map/fpu_map/fdiv_map/blk0000026c" (XOR) removed.
Loadless block "datapath_map/fpu_map/fdiv_map/blk0000026e" (XOR) removed.
Loadless block "datapath_map/fpu_map/fdiv_map/blk00000270" (XOR) removed.
Loadless block "datapath_map/fpu_map/fdiv_map/blk00000272" (XOR) removed.
Loadless block "datapath_map/fpu_map/fdiv_map/blk000009ef" (XOR) removed.
Loadless block "datapath_map/fpu_map/fsqrt_map/blk00000137" (XOR) removed.
Loadless block "datapath_map/fpu_map/fsqrt_map/blk00000143" (XOR) removed.
Loadless block "datapath_map/fpu_map/fsqrt_map/blk00000154" (XOR) removed.
Loadless block "datapath_map/fpu_map/fsqrt_map/blk00000161" (XOR) removed.
Loadless block "datapath_map/fpu_map/fsqrt_map/blk00000177" (XOR) removed.
Loadless block "datapath_map/fpu_map/fsqrt_map/blk00000190" (XOR) removed.
Loadless block "datapath_map/fpu_map/fsqrt_map/blk000001ac" (XOR) removed.
Loadless block "datapath_map/fpu_map/fsqrt_map/blk000001d6" (XOR) removed.
Loadless block "datapath_map/fpu_map/fsqrt_map/blk000001ed" (XOR) removed.
Loadless block "datapath_map/fpu_map/fsqrt_map/blk00000212" (XOR) removed.
Loadless block "datapath_map/fpu_map/fsqrt_map/blk0000023a" (XOR) removed.
Loadless block "datapath_map/fpu_map/fsqrt_map/blk00000265" (XOR) removed.
Loadless block "datapath_map/fpu_map/fsqrt_map/blk00000293" (XOR) removed.
Loadless block "datapath_map/fpu_map/fsqrt_map/blk000002c4" (XOR) removed.
Loadless block "datapath_map/fpu_map/fsqrt_map/blk000002f8" (XOR) removed.
Loadless block "datapath_map/fpu_map/fsqrt_map/blk0000032f" (XOR) removed.
Loadless block "datapath_map/fpu_map/fsqrt_map/blk00000369" (XOR) removed.
Loadless block "datapath_map/fpu_map/fsqrt_map/blk000003a6" (XOR) removed.
Loadless block "datapath_map/fpu_map/fsqrt_map/blk000003e6" (XOR) removed.
Loadless block "datapath_map/fpu_map/fsqrt_map/blk00000429" (XOR) removed.
Loadless block "datapath_map/fpu_map/fsqrt_map/blk0000046f" (XOR) removed.
Loadless block "datapath_map/fpu_map/fsqrt_map/blk000004b8" (XOR) removed.
Loadless block "datapath_map/fpu_map/fsqrt_map/blk00000504" (XOR) removed.
Loadless block "datapath_map/fpu_map/fsqrt_map/blk00000553" (XOR) removed.
Loadless block "datapath_map/fpu_map/fsqrt_map/blk000005a5" (XOR) removed.
Loadless block "datapath_map/fpu_map/fsqrt_map/blk000005a7" (XOR) removed.
Loadless block "datapath_map/fpu_map/fsqrt_map/blk000005a9" (XOR) removed.
Loadless block "datapath_map/fpu_map/fsqrt_map/blk000005ab" (XOR) removed.
Loadless block "datapath_map/fpu_map/fsqrt_map/blk000005ad" (XOR) removed.
Loadless block "datapath_map/fpu_map/fsqrt_map/blk000005af" (XOR) removed.
Loadless block "datapath_map/fpu_map/fsqrt_map/blk000005b1" (XOR) removed.
Loadless block "datapath_map/fpu_map/fsqrt_map/blk000005b3" (XOR) removed.
Loadless block "datapath_map/fpu_map/fsqrt_map/blk000005b5" (XOR) removed.
Loadless block "datapath_map/fpu_map/fsqrt_map/blk000005b7" (XOR) removed.
Loadless block "datapath_map/fpu_map/fsqrt_map/blk000005b9" (XOR) removed.
Loadless block "datapath_map/fpu_map/fsqrt_map/blk000005bb" (XOR) removed.
Loadless block "datapath_map/fpu_map/fsqrt_map/blk000005bd" (XOR) removed.
Loadless block "datapath_map/fpu_map/fsqrt_map/blk000005bf" (XOR) removed.
Loadless block "datapath_map/fpu_map/fsqrt_map/blk000005c1" (XOR) removed.
Loadless block "datapath_map/fpu_map/fsqrt_map/blk000005c3" (XOR) removed.
Loadless block "datapath_map/fpu_map/fsqrt_map/blk000005c5" (XOR) removed.
Loadless block "datapath_map/fpu_map/fsqrt_map/blk000005c7" (XOR) removed.
Loadless block "datapath_map/fpu_map/fsqrt_map/blk000005c9" (XOR) removed.
Loadless block "datapath_map/fpu_map/fsqrt_map/blk000005cb" (XOR) removed.
Loadless block "datapath_map/fpu_map/fsqrt_map/blk000005cd" (XOR) removed.
Loadless block "datapath_map/fpu_map/fsqrt_map/blk000005cf" (XOR) removed.
Loadless block "datapath_map/fpu_map/fsqrt_map/blk000005d1" (XOR) removed.
Loadless block "datapath_map/fpu_map/fsqrt_map/blk000005d3" (XOR) removed.
Loadless block "datapath_map/fpu_map/fsqrt_map/blk000005d5" (XOR) removed.
Loadless block "datapath_map/fpu_map/fsqrt_map/blk000005d7" (XOR) removed.
Loadless block "datapath_map/fpu_map/fsqrt_map/blk000005d9" (XOR) removed.
Loadless block "datapath_map/fpu_map/fsqrt_map/blk000005db" (XOR) removed.
Loadless block "datapath_map/fpu_map/fsqrt_map/blk000005f1" (FF) removed.
 The signal "datapath_map/fpu_map/fsqrt_map/sig00000801" is loadless and has been
removed.
  Loadless block "datapath_map/fpu_map/fsqrt_map/blk00000614" (XOR) removed.
Loadless block "datapath_map/fpu_map/fsqrt_map/blk00000613" (XOR) removed.
 The signal "datapath_map/fpu_map/fsqrt_map/sig000007f7" is loadless and has been
removed.
  Loadless block "datapath_map/fpu_map/fsqrt_map/blk00000611" (MUX) removed.
The signal "datapath_map/fpu_map/fadd_map/sig0000008f" is sourceless and has
been removed.
Unused block "datapath_map/fpu_map/fadd_map/blk00000006" (MUX) removed.

Optimized Block(s):
TYPE 		BLOCK
GND 		XST_GND
VCC 		XST_VCC
GND 		datapath_map/fpu_map/fadd_map/blk00000001
VCC 		datapath_map/fpu_map/fadd_map/blk00000002
GND 		datapath_map/fpu_map/fdiv_map/blk00000001
VCC 		datapath_map/fpu_map/fdiv_map/blk00000002
GND 		datapath_map/fpu_map/fsqrt_map/blk00000001
VCC 		datapath_map/fpu_map/fsqrt_map/blk00000002

To enable printing of redundant blocks removed and signals merged, set the
detailed map report option and rerun map.

Section 6 - IOB Properties
--------------------------

+---------------------------------------------------------------------------------------------------------------------------------------------------------+
| IOB Name                           | Type             | Direction | IO Standard          | Diff  | Drive    | Slew | Reg (s)      | Resistor | IOB      |
|                                    |                  |           |                      | Term  | Strength | Rate |              |          | Delay    |
+---------------------------------------------------------------------------------------------------------------------------------------------------------+
| ADVA                               | IOB              | OUTPUT    | LVCMOS25             |       | 12       | SLOW |              |          |          |
| E2A                                | IOB              | OUTPUT    | LVCMOS25             |       | 12       | SLOW |              |          |          |
| MCLK1                              | IOB              | INPUT     | LVCMOS25             |       |          |      |              |          |          |
| RS_RX                              | IOB              | INPUT     | LVCMOS25             |       |          |      |              |          |          |
| RS_TX                              | IOB              | OUTPUT    | LVCMOS25             |       | 12       | SLOW |              |          |          |
| XE1                                | IOB              | OUTPUT    | LVCMOS25             |       | 12       | SLOW |              |          |          |
| XE3                                | IOB              | OUTPUT    | LVCMOS25             |       | 12       | SLOW |              |          |          |
| XFT                                | IOB              | OUTPUT    | LVCMOS25             |       | 12       | SLOW |              |          |          |
| XGA                                | IOB              | OUTPUT    | LVCMOS25             |       | 12       | SLOW |              |          |          |
| XLBO                               | IOB              | OUTPUT    | LVCMOS25             |       | 12       | SLOW |              |          |          |
| XWA                                | IOB              | OUTPUT    | LVCMOS25             |       | 12       | SLOW |              |          |          |
| XZBE<0>                            | IOB              | OUTPUT    | LVCMOS25             |       | 12       | SLOW |              |          |          |
| XZBE<1>                            | IOB              | OUTPUT    | LVCMOS25             |       | 12       | SLOW |              |          |          |
| XZBE<2>                            | IOB              | OUTPUT    | LVCMOS25             |       | 12       | SLOW |              |          |          |
| XZBE<3>                            | IOB              | OUTPUT    | LVCMOS25             |       | 12       | SLOW |              |          |          |
| XZCKE                              | IOB              | OUTPUT    | LVCMOS25             |       | 12       | SLOW |              |          |          |
| ZA<0>                              | IOB              | OUTPUT    | LVCMOS25             |       | 12       | SLOW |              |          |          |
| ZA<1>                              | IOB              | OUTPUT    | LVCMOS25             |       | 12       | SLOW |              |          |          |
| ZA<2>                              | IOB              | OUTPUT    | LVCMOS25             |       | 12       | SLOW |              |          |          |
| ZA<3>                              | IOB              | OUTPUT    | LVCMOS25             |       | 12       | SLOW |              |          |          |
| ZA<4>                              | IOB              | OUTPUT    | LVCMOS25             |       | 12       | SLOW |              |          |          |
| ZA<5>                              | IOB              | OUTPUT    | LVCMOS25             |       | 12       | SLOW |              |          |          |
| ZA<6>                              | IOB              | OUTPUT    | LVCMOS25             |       | 12       | SLOW |              |          |          |
| ZA<7>                              | IOB              | OUTPUT    | LVCMOS25             |       | 12       | SLOW |              |          |          |
| ZA<8>                              | IOB              | OUTPUT    | LVCMOS25             |       | 12       | SLOW |              |          |          |
| ZA<9>                              | IOB              | OUTPUT    | LVCMOS25             |       | 12       | SLOW |              |          |          |
| ZA<10>                             | IOB              | OUTPUT    | LVCMOS25             |       | 12       | SLOW |              |          |          |
| ZA<11>                             | IOB              | OUTPUT    | LVCMOS25             |       | 12       | SLOW |              |          |          |
| ZA<12>                             | IOB              | OUTPUT    | LVCMOS25             |       | 12       | SLOW |              |          |          |
| ZA<13>                             | IOB              | OUTPUT    | LVCMOS25             |       | 12       | SLOW |              |          |          |
| ZA<14>                             | IOB              | OUTPUT    | LVCMOS25             |       | 12       | SLOW |              |          |          |
| ZA<15>                             | IOB              | OUTPUT    | LVCMOS25             |       | 12       | SLOW |              |          |          |
| ZA<16>                             | IOB              | OUTPUT    | LVCMOS25             |       | 12       | SLOW |              |          |          |
| ZA<17>                             | IOB              | OUTPUT    | LVCMOS25             |       | 12       | SLOW |              |          |          |
| ZA<18>                             | IOB              | OUTPUT    | LVCMOS25             |       | 12       | SLOW |              |          |          |
| ZA<19>                             | IOB              | OUTPUT    | LVCMOS25             |       | 12       | SLOW |              |          |          |
| ZCLKMA<0>                          | IOB              | OUTPUT    | LVCMOS25             |       | 12       | SLOW |              |          |          |
| ZCLKMA<1>                          | IOB              | OUTPUT    | LVCMOS25             |       | 12       | SLOW |              |          |          |
| ZD<0>                              | IOB              | BIDIR     | LVCMOS25             |       | 12       | SLOW |              |          |          |
| ZD<1>                              | IOB              | BIDIR     | LVCMOS25             |       | 12       | SLOW |              |          |          |
| ZD<2>                              | IOB              | BIDIR     | LVCMOS25             |       | 12       | SLOW |              |          |          |
| ZD<3>                              | IOB              | BIDIR     | LVCMOS25             |       | 12       | SLOW |              |          |          |
| ZD<4>                              | IOB              | BIDIR     | LVCMOS25             |       | 12       | SLOW |              |          |          |
| ZD<5>                              | IOB              | BIDIR     | LVCMOS25             |       | 12       | SLOW |              |          |          |
| ZD<6>                              | IOB              | BIDIR     | LVCMOS25             |       | 12       | SLOW |              |          |          |
| ZD<7>                              | IOB              | BIDIR     | LVCMOS25             |       | 12       | SLOW |              |          |          |
| ZD<8>                              | IOB              | BIDIR     | LVCMOS25             |       | 12       | SLOW |              |          |          |
| ZD<9>                              | IOB              | BIDIR     | LVCMOS25             |       | 12       | SLOW |              |          |          |
| ZD<10>                             | IOB              | BIDIR     | LVCMOS25             |       | 12       | SLOW |              |          |          |
| ZD<11>                             | IOB              | BIDIR     | LVCMOS25             |       | 12       | SLOW |              |          |          |
| ZD<12>                             | IOB              | BIDIR     | LVCMOS25             |       | 12       | SLOW |              |          |          |
| ZD<13>                             | IOB              | BIDIR     | LVCMOS25             |       | 12       | SLOW |              |          |          |
| ZD<14>                             | IOB              | BIDIR     | LVCMOS25             |       | 12       | SLOW |              |          |          |
| ZD<15>                             | IOB              | BIDIR     | LVCMOS25             |       | 12       | SLOW |              |          |          |
| ZD<16>                             | IOB              | BIDIR     | LVCMOS25             |       | 12       | SLOW |              |          |          |
| ZD<17>                             | IOB              | BIDIR     | LVCMOS25             |       | 12       | SLOW |              |          |          |
| ZD<18>                             | IOB              | BIDIR     | LVCMOS25             |       | 12       | SLOW |              |          |          |
| ZD<19>                             | IOB              | BIDIR     | LVCMOS25             |       | 12       | SLOW |              |          |          |
| ZD<20>                             | IOB              | BIDIR     | LVCMOS25             |       | 12       | SLOW |              |          |          |
| ZD<21>                             | IOB              | BIDIR     | LVCMOS25             |       | 12       | SLOW |              |          |          |
| ZD<22>                             | IOB              | BIDIR     | LVCMOS25             |       | 12       | SLOW |              |          |          |
| ZD<23>                             | IOB              | BIDIR     | LVCMOS25             |       | 12       | SLOW |              |          |          |
| ZD<24>                             | IOB              | BIDIR     | LVCMOS25             |       | 12       | SLOW |              |          |          |
| ZD<25>                             | IOB              | BIDIR     | LVCMOS25             |       | 12       | SLOW |              |          |          |
| ZD<26>                             | IOB              | BIDIR     | LVCMOS25             |       | 12       | SLOW |              |          |          |
| ZD<27>                             | IOB              | BIDIR     | LVCMOS25             |       | 12       | SLOW |              |          |          |
| ZD<28>                             | IOB              | BIDIR     | LVCMOS25             |       | 12       | SLOW |              |          |          |
| ZD<29>                             | IOB              | BIDIR     | LVCMOS25             |       | 12       | SLOW |              |          |          |
| ZD<30>                             | IOB              | BIDIR     | LVCMOS25             |       | 12       | SLOW |              |          |          |
| ZD<31>                             | IOB              | BIDIR     | LVCMOS25             |       | 12       | SLOW |              |          |          |
| ZDP<0>                             | IOB              | OUTPUT    | LVCMOS25             |       | 12       | SLOW |              |          |          |
| ZDP<1>                             | IOB              | OUTPUT    | LVCMOS25             |       | 12       | SLOW |              |          |          |
| ZDP<2>                             | IOB              | OUTPUT    | LVCMOS25             |       | 12       | SLOW |              |          |          |
| ZDP<3>                             | IOB              | OUTPUT    | LVCMOS25             |       | 12       | SLOW |              |          |          |
| ZZA                                | IOB              | OUTPUT    | LVCMOS25             |       | 12       | SLOW |              |          |          |
+---------------------------------------------------------------------------------------------------------------------------------------------------------+

Section 7 - RPMs
----------------

Section 8 - Guide Report
------------------------
Guide not run on this design.

Section 9 - Area Group and Partition Summary
--------------------------------------------

Partition Implementation Status
-------------------------------

  No Partitions were found in this design.

-------------------------------

Area Group Information
----------------------

  No area groups were found in this design.

----------------------

Section 10 - Timing Report
--------------------------
A logic-level (pre-route) timing report can be generated by using Xilinx static
timing analysis tools, Timing Analyzer (GUI) or TRCE (command line), with the
mapped NCD and PCF files. Please note that this timing report will be generated
using estimated delay information. For accurate numbers, please generate a
timing report with the post Place and Route NCD file.

For more information about the Timing Analyzer, consult the Xilinx Timing
Analyzer Reference Manual; for more information about TRCE, consult the Xilinx
Command Line Tools User Guide "TRACE" chapter.

Section 11 - Configuration String Details
-----------------------------------------
Use the "-detail" map option to print out Configuration Strings

Section 12 - Control Set Information
------------------------------------
Use the "-detail" map option to print out Control Set Information.

Section 13 - Utilization by Hierarchy
-------------------------------------
Use the "-detail" map option to print out the Utilization by Hierarchy section.
